Determining if the pthread_create exist failed with the following output:
Change Dir: /home/vagrant/labs/lab-08-asio-client/_builds/gcc-7-cxx17-pic-Debug/CMakeFiles/CMakeTmp

Run Build Command:"/usr/bin/make" "cmTC_3198a/fast"
/usr/bin/make -f CMakeFiles/cmTC_3198a.dir/build.make CMakeFiles/cmTC_3198a.dir/build
make[1]: Entering directory '/home/vagrant/labs/lab-08-asio-client/_builds/gcc-7-cxx17-pic-Debug/CMakeFiles/CMakeTmp'
Building C object CMakeFiles/cmTC_3198a.dir/CheckSymbolExists.c.o
/usr/bin/gcc-7   -fPIC    -o CMakeFiles/cmTC_3198a.dir/CheckSymbolExists.c.o   -c /home/vagrant/labs/lab-08-asio-client/_builds/gcc-7-cxx17-pic-Debug/CMakeFiles/CMakeTmp/CheckSymbolExists.c
Linking C executable cmTC_3198a
/usr/bin/cmake -E cmake_link_script CMakeFiles/cmTC_3198a.dir/link.txt --verbose=1
/usr/bin/gcc-7 -fPIC     CMakeFiles/cmTC_3198a.dir/CheckSymbolExists.c.o  -o cmTC_3198a 
CMakeFiles/cmTC_3198a.dir/CheckSymbolExists.c.o: In function `main':
CheckSymbolExists.c:(.text+0x1b): undefined reference to `pthread_create'
collect2: error: ld returned 1 exit status
CMakeFiles/cmTC_3198a.dir/build.make:97: recipe for target 'cmTC_3198a' failed
make[1]: *** [cmTC_3198a] Error 1
make[1]: Leaving directory '/home/vagrant/labs/lab-08-asio-client/_builds/gcc-7-cxx17-pic-Debug/CMakeFiles/CMakeTmp'
Makefile:126: recipe for target 'cmTC_3198a/fast' failed
make: *** [cmTC_3198a/fast] Error 2

File /home/vagrant/labs/lab-08-asio-client/_builds/gcc-7-cxx17-pic-Debug/CMakeFiles/CMakeTmp/CheckSymbolExists.c:
/* */
#include <pthread.h>

int main(int argc, char** argv)
{
  (void)argv;
#ifndef pthread_create
  return ((int*)(&pthread_create))[argc];
#else
  (void)argc;
  return 0;
#endif
}

Determining if the function pthread_create exists in the pthreads failed with the following output:
Change Dir: /home/vagrant/labs/lab-08-asio-client/_builds/gcc-7-cxx17-pic-Debug/CMakeFiles/CMakeTmp

Run Build Command:"/usr/bin/make" "cmTC_c9195/fast"
/usr/bin/make -f CMakeFiles/cmTC_c9195.dir/build.make CMakeFiles/cmTC_c9195.dir/build
make[1]: Entering directory '/home/vagrant/labs/lab-08-asio-client/_builds/gcc-7-cxx17-pic-Debug/CMakeFiles/CMakeTmp'
Building C object CMakeFiles/cmTC_c9195.dir/CheckFunctionExists.c.o
/usr/bin/gcc-7   -fPIC -DCHECK_FUNCTION_EXISTS=pthread_create   -o CMakeFiles/cmTC_c9195.dir/CheckFunctionExists.c.o   -c /usr/share/cmake-3.10/Modules/CheckFunctionExists.c
Linking C executable cmTC_c9195
/usr/bin/cmake -E cmake_link_script CMakeFiles/cmTC_c9195.dir/link.txt --verbose=1
/usr/bin/gcc-7 -fPIC -DCHECK_FUNCTION_EXISTS=pthread_create    CMakeFiles/cmTC_c9195.dir/CheckFunctionExists.c.o  -o cmTC_c9195 -lpthreads 
/usr/bin/ld: cannot find -lpthreads
collect2: error: ld returned 1 exit status
CMakeFiles/cmTC_c9195.dir/build.make:97: recipe for target 'cmTC_c9195' failed
make[1]: *** [cmTC_c9195] Error 1
make[1]: Leaving directory '/home/vagrant/labs/lab-08-asio-client/_builds/gcc-7-cxx17-pic-Debug/CMakeFiles/CMakeTmp'
Makefile:126: recipe for target 'cmTC_c9195/fast' failed
make: *** [cmTC_c9195/fast] Error 2


